<?xml version="1.0" encoding="UTF-8"?>
<!-- Generated by org.testng.reporters.JUnitXMLReporter -->
<testsuite hostname="DESKTOP-QROJJ50" ignored="0" name="BankingApp Test" tests="1" failures="1" timestamp="2020-07-07T13:22:00 EDT" time="38.904" errors="0">
  <testcase name="loginTest" time="25.402" classname="com.iNetBanking.testCases.TC_LoginTest_001">
    <failure type="java.lang.AssertionError" message="expected [true] but found [false]">
      <![CDATA[java.lang.AssertionError: expected [true] but found [false]
at com.iNetBanking.testCases.TC_LoginTest_001.loginTest(TC_LoginTest_001.java:37)
at java.util.ArrayList.forEach(ArrayList.java:1249)
... Removed 34 stack frames]]>
    </failure>
  </testcase> <!-- loginTest -->
</testsuite> <!-- BankingApp Test -->
