<?xml version="1.0" encoding="UTF-8"?>
<testsuite name="TestSuite" time="25.474" tests="1" errors="0" skipped="0" failures="1">
  <properties>
[...]
</properties>
  <testcase name="loginTest" classname="com.iNetBanking.testCases.TC_LoginTest_001" time="25.474">
    <failure message="expected [true] but found [false]" type="java.lang.AssertionError">java.lang.AssertionError: expected [true] but found [false]
	at org.testng.Assert.fail(Assert.java:97)
	at org.testng.Assert.failNotEquals(Assert.java:969)
	at org.testng.Assert.assertTrue(Assert.java:43)
	at org.testng.Assert.assertTrue(Assert.java:53)
	at com.iNetBanking.testCases.TC_LoginTest_001.loginTest(TC_LoginTest_001.java:37)
</failure>
    <system-out><![CDATA[ INFO [main] (TC_LoginTest_001.java:15)- URL is opened
 INFO [main] (TC_LoginTest_001.java:19)- Entered username
 INFO [main] (TC_LoginTest_001.java:22)- Entered password
Screenshot taken
]]></system-out>
    <system-err><![CDATA[Starting ChromeDriver 83.0.4103.39 (ccbf011cb2d2b19b506d844400483861342c20cd-refs/branch-heads/4103@{#416}) on port 3380
Only local connections are allowed.
Please see https://chromedriver.chromium.org/security-considerations for suggestions on keeping ChromeDriver safe.
ChromeDriver was started successfully.
Jul 07, 2020 1:21:27 PM org.openqa.selenium.remote.ProtocolHandshake createSession
INFO: Detected dialect: W3C
]]></system-err>
  </testcase>
</testsuite>