<?xml version="1.0" encoding="UTF-8"?>
<testng-results skipped="0" failed="0" ignored="0" total="1" passed="1">
  <reporter-output>
  </reporter-output>
  <suite name="iNetBankingV1" duration-ms="13262" started-at="2020-06-19T09:44:44 EDT" finished-at="2020-06-19T09:44:57 EDT">
    <groups>
    </groups>
    <test name="BankingApp Test" duration-ms="13262" started-at="2020-06-19T09:44:44 EDT" finished-at="2020-06-19T09:44:57 EDT">
      <class name="com.iNetBanking.testCases.TC_LoginTest_001">
        <test-method status="PASS" signature="setup(java.lang.String)[pri:0, instance:com.iNetBanking.testCases.TC_LoginTest_001@57e1b0c]" name="setup" is-config="true" duration-ms="8460" started-at="2020-06-19T09:44:44 EDT" finished-at="2020-06-19T09:44:53 EDT">
          <params>
            <param index="0">
              <value>
                <![CDATA[chrome]]>
              </value>
            </param>
          </params>
          <reporter-output>
          </reporter-output>
        </test-method> <!-- setup -->
        <test-method status="PASS" signature="loginTest()[pri:0, instance:com.iNetBanking.testCases.TC_LoginTest_001@57e1b0c]" name="loginTest" duration-ms="3895" started-at="2020-06-19T09:44:53 EDT" finished-at="2020-06-19T09:44:57 EDT">
          <reporter-output>
          </reporter-output>
        </test-method> <!-- loginTest -->
        <test-method status="PASS" signature="tearDown()[pri:0, instance:com.iNetBanking.testCases.TC_LoginTest_001@57e1b0c]" name="tearDown" is-config="true" duration-ms="699" started-at="2020-06-19T09:44:57 EDT" finished-at="2020-06-19T09:44:57 EDT">
          <reporter-output>
          </reporter-output>
        </test-method> <!-- tearDown -->
      </class> <!-- com.iNetBanking.testCases.TC_LoginTest_001 -->
    </test> <!-- BankingApp Test -->
  </suite> <!-- iNetBankingV1 -->
</testng-results>
